//============================================================================
// <Description>     :<Device:Multi-processor Interrupt Controller Unit  (IRQMP)>
// <File>            :<IrqMpDeviceFPGA_Register.h>
// <Type>            :<c code>
// <Author>          :<Juan Manuel Gómez jmgomez@iaa.es>
// <Creation date>   :<05 October 2012>
// <History>         :<None>
//============================================================================

#ifndef MPIRQ_DEVICE_REGISTER_H_
#define MPIRQ_DEVICE_REGISTER_H_

//============================================================================
//Include section
//============================================================================

//============================================================================
//System include

//============================================================================
//User include
#include "../../Util/SinbadBoardConstant.h"
#include "../../Util/MyDataType.h"

//============================================================================
//Define section
//============================================================================

//============================================================================
//registers

